<?xml version="1.0" encoding="UTF-8" ?>
<testsuite errors="0" failures="0" hostname="Manav-Mac.local" name="edu.duke.cabig.c3pr.dao.ResearchStaffDaoTest" tests="5" time="0.804" timestamp="2007-10-10T21:09:41">
  <properties>
[...]
</properties>
  <testcase classname="edu.duke.cabig.c3pr.dao.ResearchStaffDaoTest" name="testGetById" time="0.36" />
  <testcase classname="edu.duke.cabig.c3pr.dao.ResearchStaffDaoTest" name="testFailureAddingSameResearchStaffMemberTwice" time="0.151" />
  <testcase classname="edu.duke.cabig.c3pr.dao.ResearchStaffDaoTest" name="testGetAll" time="0.083" />
  <testcase classname="edu.duke.cabig.c3pr.dao.ResearchStaffDaoTest" name="testGetBySubnameMatchesShortTitle" time="0.093" />
  <testcase classname="edu.duke.cabig.c3pr.dao.ResearchStaffDaoTest" name="testGetBySubnameMatchesIntersectionOfSubnames" time="0.101" />
  <system-out><![CDATA[AbandonedObjectPool is used (org.apache.commons.dbcp.AbandonedObjectPool@46ccf)
   LogAbandoned: true
   RemoveAbandoned: true
   RemoveAbandonedTimeout: 300
]]></system-out>
  <system-err><![CDATA[]]></system-err>
</testsuite>
