<?xml version="1.0" encoding="UTF-8" ?>
<testsuites>
  <testsuite errors="0" failures="0" id="0" name="ArmDaoTest" package="edu.duke.cabig.c3pr.dao" tests="2" time="6.25">
  
    <properties>
[...]
</properties>

      <testcase classname="edu.duke.cabig.c3pr.dao.ArmDaoTest" name="testGetById" time="5.48"></testcase>

      <testcase classname="edu.duke.cabig.c3pr.dao.ArmDaoTest" name="testGetAll" time="0.377"></testcase>

      <system-out><![CDATA[AbandonedObjectPool is used (org.apache.commons.dbcp.AbandonedObjectPool@b8a0c8)
   LogAbandoned: true
   RemoveAbandoned: true
   RemoveAbandonedTimeout: 300
WARN   doValidateClass, Unable to proxy method [public final void edu.duke.cabig.c3pr.dao.C3PRBaseDao.save(gov.nih.nci.cabig.ctms.domain.DomainObject)] because it is final: All calls to this method via a proxy will be routed directly to the proxy.
WARN   doValidateClass, Unable to proxy method [public final void org.springframework.orm.hibernate3.support.HibernateDaoSupport.setSessionFactory(org.hibernate.SessionFactory)] because it is final: All calls to this method via a proxy will be routed directly to the proxy.
WARN   doValidateClass, Unable to proxy method [public final org.hibernate.SessionFactory org.springframework.orm.hibernate3.support.HibernateDaoSupport.getSessionFactory()] because it is final: All calls to this method via a proxy will be routed directly to the proxy.
WARN   doValidateClass, Unable to proxy method [public final void org.springframework.orm.hibernate3.support.HibernateDaoSupport.setHibernateTemplate(org.springframework.orm.hibernate3.HibernateTemplate)] because it is final: All calls to this method via a proxy will be routed directly to the proxy.
WARN   doValidateClass, Unable to proxy method [public final org.springframework.orm.hibernate3.HibernateTemplate org.springframework.orm.hibernate3.support.HibernateDaoSupport.getHibernateTemplate()] because it is final: All calls to this method via a proxy will be routed directly to the proxy.
WARN   doValidateClass, Unable to proxy method [public final void org.springframework.dao.support.DaoSupport.afterPropertiesSet() throws java.lang.IllegalArgumentException,org.springframework.beans.factory.BeanInitializationException] because it is final: All calls to this method via a proxy will be routed directly to the proxy.
]]></system-out>

      <system-err></system-err>

  </testsuite>
  <testsuite errors="0" failures="0" id="1" name="EpochDaoTest" package="edu.duke.cabig.c3pr.dao" tests="10" time="2.511">
  
    <properties>
[...]
</properties>

      <testcase classname="edu.duke.cabig.c3pr.dao.EpochDaoTest" name="testSaveTreatmentEpochWithEligibilityCriteria" time="0.664"></testcase>

      <testcase classname="edu.duke.cabig.c3pr.dao.EpochDaoTest" name="testGetByIdForTreatmentEpoch" time="0.18"></testcase>

      <testcase classname="edu.duke.cabig.c3pr.dao.EpochDaoTest" name="testGetAll" time="0.324"></testcase>

      <testcase classname="edu.duke.cabig.c3pr.dao.EpochDaoTest" name="testGetArmsForTreatmentEpoch" time="0.232"></testcase>

      <testcase classname="edu.duke.cabig.c3pr.dao.EpochDaoTest" name="testGetEligibilityCriteriaForTreatmentEpoch" time="0.143"></testcase>

      <testcase classname="edu.duke.cabig.c3pr.dao.EpochDaoTest" name="testGetInclusionEligibilityCriteriaForTreatmentEpoch" time="0.147"></testcase>

      <testcase classname="edu.duke.cabig.c3pr.dao.EpochDaoTest" name="testGetExclusionEligibilityCriteriaForTreatmentEpoch" time="0.156"></testcase>

      <testcase classname="edu.duke.cabig.c3pr.dao.EpochDaoTest" name="testSaveTreatmentEpoch" time="0.242"></testcase>

      <testcase classname="edu.duke.cabig.c3pr.dao.EpochDaoTest" name="testSaveNewTreatmentEpochWithStratificationCriteria" time="0.259"></testcase>

      <testcase classname="edu.duke.cabig.c3pr.dao.EpochDaoTest" name="testSaveTreatmentEpochWithStratificationCriteria" time="0.155"></testcase>

      <system-out><![CDATA[AbandonedObjectPool is used (org.apache.commons.dbcp.AbandonedObjectPool@b872ad)
   LogAbandoned: true
   RemoveAbandoned: true
   RemoveAbandonedTimeout: 300
WARN   doValidateClass, Unable to proxy method [public final void edu.duke.cabig.c3pr.dao.C3PRBaseDao.save(gov.nih.nci.cabig.ctms.domain.DomainObject)] because it is final: All calls to this method via a proxy will be routed directly to the proxy.
WARN   doValidateClass, Unable to proxy method [public final void org.springframework.orm.hibernate3.support.HibernateDaoSupport.setSessionFactory(org.hibernate.SessionFactory)] because it is final: All calls to this method via a proxy will be routed directly to the proxy.
WARN   doValidateClass, Unable to proxy method [public final org.hibernate.SessionFactory org.springframework.orm.hibernate3.support.HibernateDaoSupport.getSessionFactory()] because it is final: All calls to this method via a proxy will be routed directly to the proxy.
WARN   doValidateClass, Unable to proxy method [public final org.springframework.orm.hibernate3.HibernateTemplate org.springframework.orm.hibernate3.support.HibernateDaoSupport.getHibernateTemplate()] because it is final: All calls to this method via a proxy will be routed directly to the proxy.
WARN   doValidateClass, Unable to proxy method [public final void org.springframework.orm.hibernate3.support.HibernateDaoSupport.setHibernateTemplate(org.springframework.orm.hibernate3.HibernateTemplate)] because it is final: All calls to this method via a proxy will be routed directly to the proxy.
WARN   doValidateClass, Unable to proxy method [public final void org.springframework.dao.support.DaoSupport.afterPropertiesSet() throws java.lang.IllegalArgumentException,org.springframework.beans.factory.BeanInitializationException] because it is final: All calls to this method via a proxy will be routed directly to the proxy.
]]></system-out>

      <system-err></system-err>

  </testsuite>
  <testsuite errors="0" failures="0" id="2" name="HealthcareSiteInvestigatorDaoTest" package="edu.duke.cabig.c3pr.dao" tests="4" time="0.858">
  
    <properties>
[...]
</properties>

      <testcase classname="edu.duke.cabig.c3pr.dao.HealthcareSiteInvestigatorDaoTest" name="testGetById" time="0.377"></testcase>

      <testcase classname="edu.duke.cabig.c3pr.dao.HealthcareSiteInvestigatorDaoTest" name="testGetAll" time="0.251"></testcase>

      <testcase classname="edu.duke.cabig.c3pr.dao.HealthcareSiteInvestigatorDaoTest" name="testGetBySubnameMatchesShortTitle" time="0.141"></testcase>

      <testcase classname="edu.duke.cabig.c3pr.dao.HealthcareSiteInvestigatorDaoTest" name="testGetBySubnameMatchesIntersectionOfSubnames" time="0.081"></testcase>

      <system-out><![CDATA[AbandonedObjectPool is used (org.apache.commons.dbcp.AbandonedObjectPool@6a13d5)
   LogAbandoned: true
   RemoveAbandoned: true
   RemoveAbandonedTimeout: 300
WARN   doValidateClass, Unable to proxy method [public final void edu.duke.cabig.c3pr.dao.C3PRBaseDao.save(gov.nih.nci.cabig.ctms.domain.DomainObject)] because it is final: All calls to this method via a proxy will be routed directly to the proxy.
WARN   doValidateClass, Unable to proxy method [public final void org.springframework.orm.hibernate3.support.HibernateDaoSupport.setSessionFactory(org.hibernate.SessionFactory)] because it is final: All calls to this method via a proxy will be routed directly to the proxy.
WARN   doValidateClass, Unable to proxy method [public final org.hibernate.SessionFactory org.springframework.orm.hibernate3.support.HibernateDaoSupport.getSessionFactory()] because it is final: All calls to this method via a proxy will be routed directly to the proxy.
WARN   doValidateClass, Unable to proxy method [public final org.springframework.orm.hibernate3.HibernateTemplate org.springframework.orm.hibernate3.support.HibernateDaoSupport.getHibernateTemplate()] because it is final: All calls to this method via a proxy will be routed directly to the proxy.
WARN   doValidateClass, Unable to proxy method [public final void org.springframework.orm.hibernate3.support.HibernateDaoSupport.setHibernateTemplate(org.springframework.orm.hibernate3.HibernateTemplate)] because it is final: All calls to this method via a proxy will be routed directly to the proxy.
WARN   doValidateClass, Unable to proxy method [public final void org.springframework.dao.support.DaoSupport.afterPropertiesSet() throws java.lang.IllegalArgumentException,org.springframework.beans.factory.BeanInitializationException] because it is final: All calls to this method via a proxy will be routed directly to the proxy.
]]></system-out>

      <system-err></system-err>

  </testsuite>
  <testsuite errors="0" failures="0" id="3" name="InvestigatorDaoTest" package="edu.duke.cabig.c3pr.dao" tests="2" time="3.975">
  
    <properties>
[...]
</properties>

      <testcase classname="edu.duke.cabig.c3pr.dao.InvestigatorDaoTest" name="testGetById" time="3.634"></testcase>

      <testcase classname="edu.duke.cabig.c3pr.dao.InvestigatorDaoTest" name="testGetAll" time="0.173"></testcase>

      <system-out><![CDATA[AbandonedObjectPool is used (org.apache.commons.dbcp.AbandonedObjectPool@77cdb1)
   LogAbandoned: true
   RemoveAbandoned: true
   RemoveAbandonedTimeout: 300
WARN   doValidateClass, Unable to proxy method [public final void edu.duke.cabig.c3pr.dao.C3PRBaseDao.save(gov.nih.nci.cabig.ctms.domain.DomainObject)] because it is final: All calls to this method via a proxy will be routed directly to the proxy.
WARN   doValidateClass, Unable to proxy method [public final void org.springframework.orm.hibernate3.support.HibernateDaoSupport.setSessionFactory(org.hibernate.SessionFactory)] because it is final: All calls to this method via a proxy will be routed directly to the proxy.
WARN   doValidateClass, Unable to proxy method [public final org.hibernate.SessionFactory org.springframework.orm.hibernate3.support.HibernateDaoSupport.getSessionFactory()] because it is final: All calls to this method via a proxy will be routed directly to the proxy.
WARN   doValidateClass, Unable to proxy method [public final void org.springframework.orm.hibernate3.support.HibernateDaoSupport.setHibernateTemplate(org.springframework.orm.hibernate3.HibernateTemplate)] because it is final: All calls to this method via a proxy will be routed directly to the proxy.
WARN   doValidateClass, Unable to proxy method [public final org.springframework.orm.hibernate3.HibernateTemplate org.springframework.orm.hibernate3.support.HibernateDaoSupport.getHibernateTemplate()] because it is final: All calls to this method via a proxy will be routed directly to the proxy.
WARN   doValidateClass, Unable to proxy method [public final void org.springframework.dao.support.DaoSupport.afterPropertiesSet() throws java.lang.IllegalArgumentException,org.springframework.beans.factory.BeanInitializationException] because it is final: All calls to this method via a proxy will be routed directly to the proxy.
]]></system-out>

      <system-err></system-err>

  </testsuite>
  <testsuite errors="0" failures="0" id="4" name="OrganizationDaoTest" package="edu.duke.cabig.c3pr.dao" tests="2" time="3.547">
  
    <properties>
[...]
</properties>

      <testcase classname="edu.duke.cabig.c3pr.dao.OrganizationDaoTest" name="testGetById" time="3.289"></testcase>

      <testcase classname="edu.duke.cabig.c3pr.dao.OrganizationDaoTest" name="testSaveNewOrganization" time="0.104"></testcase>

      <system-out><![CDATA[AbandonedObjectPool is used (org.apache.commons.dbcp.AbandonedObjectPool@990d6e)
   LogAbandoned: true
   RemoveAbandoned: true
   RemoveAbandonedTimeout: 300
WARN   doValidateClass, Unable to proxy method [public final void edu.duke.cabig.c3pr.dao.C3PRBaseDao.save(gov.nih.nci.cabig.ctms.domain.DomainObject)] because it is final: All calls to this method via a proxy will be routed directly to the proxy.
WARN   doValidateClass, Unable to proxy method [public final void org.springframework.orm.hibernate3.support.HibernateDaoSupport.setSessionFactory(org.hibernate.SessionFactory)] because it is final: All calls to this method via a proxy will be routed directly to the proxy.
WARN   doValidateClass, Unable to proxy method [public final org.hibernate.SessionFactory org.springframework.orm.hibernate3.support.HibernateDaoSupport.getSessionFactory()] because it is final: All calls to this method via a proxy will be routed directly to the proxy.
WARN   doValidateClass, Unable to proxy method [public final void org.springframework.orm.hibernate3.support.HibernateDaoSupport.setHibernateTemplate(org.springframework.orm.hibernate3.HibernateTemplate)] because it is final: All calls to this method via a proxy will be routed directly to the proxy.
WARN   doValidateClass, Unable to proxy method [public final org.springframework.orm.hibernate3.HibernateTemplate org.springframework.orm.hibernate3.support.HibernateDaoSupport.getHibernateTemplate()] because it is final: All calls to this method via a proxy will be routed directly to the proxy.
WARN   doValidateClass, Unable to proxy method [public final void org.springframework.dao.support.DaoSupport.afterPropertiesSet() throws java.lang.IllegalArgumentException,org.springframework.beans.factory.BeanInitializationException] because it is final: All calls to this method via a proxy will be routed directly to the proxy.
]]></system-out>

      <system-err></system-err>

  </testsuite>
  <testsuite errors="0" failures="0" id="5" name="ParticipantDaoTest" package="edu.duke.cabig.c3pr.dao" tests="5" time="2.407">
  
    <properties>
[...]
</properties>

      <testcase classname="edu.duke.cabig.c3pr.dao.ParticipantDaoTest" name="testGetById" time="0.901"></testcase>

      <testcase classname="edu.duke.cabig.c3pr.dao.ParticipantDaoTest" name="testGetAll" time="0.506"></testcase>

      <testcase classname="edu.duke.cabig.c3pr.dao.ParticipantDaoTest" name="testGetStudySubjects" time="0.323"></testcase>

      <testcase classname="edu.duke.cabig.c3pr.dao.ParticipantDaoTest" name="testSearchParticipantSimple" time="0.342"></testcase>

      <testcase classname="edu.duke.cabig.c3pr.dao.ParticipantDaoTest" name="testSearchParticipantSimpleByWildCards" time="0.325"></testcase>

      <system-out><![CDATA[AbandonedObjectPool is used (org.apache.commons.dbcp.AbandonedObjectPool@5750e4)
   LogAbandoned: true
   RemoveAbandoned: true
   RemoveAbandonedTimeout: 300
WARN   doValidateClass, Unable to proxy method [public final void edu.duke.cabig.c3pr.dao.C3PRBaseDao.save(gov.nih.nci.cabig.ctms.domain.DomainObject)] because it is final: All calls to this method via a proxy will be routed directly to the proxy.
WARN   doValidateClass, Unable to proxy method [public final void org.springframework.orm.hibernate3.support.HibernateDaoSupport.setSessionFactory(org.hibernate.SessionFactory)] because it is final: All calls to this method via a proxy will be routed directly to the proxy.
WARN   doValidateClass, Unable to proxy method [public final org.hibernate.SessionFactory org.springframework.orm.hibernate3.support.HibernateDaoSupport.getSessionFactory()] because it is final: All calls to this method via a proxy will be routed directly to the proxy.
WARN   doValidateClass, Unable to proxy method [public final org.springframework.orm.hibernate3.HibernateTemplate org.springframework.orm.hibernate3.support.HibernateDaoSupport.getHibernateTemplate()] because it is final: All calls to this method via a proxy will be routed directly to the proxy.
WARN   doValidateClass, Unable to proxy method [public final void org.springframework.orm.hibernate3.support.HibernateDaoSupport.setHibernateTemplate(org.springframework.orm.hibernate3.HibernateTemplate)] because it is final: All calls to this method via a proxy will be routed directly to the proxy.
WARN   doValidateClass, Unable to proxy method [public final void org.springframework.dao.support.DaoSupport.afterPropertiesSet() throws java.lang.IllegalArgumentException,org.springframework.beans.factory.BeanInitializationException] because it is final: All calls to this method via a proxy will be routed directly to the proxy.
]]></system-out>

      <system-err></system-err>

  </testsuite>
  <testsuite errors="0" failures="0" id="6" name="ResearchStaffDaoTest" package="edu.duke.cabig.c3pr.dao" tests="4" time="4.038">
  
    <properties>
[...]
</properties>

      <testcase classname="edu.duke.cabig.c3pr.dao.ResearchStaffDaoTest" name="testGetById" time="3.47"></testcase>

      <testcase classname="edu.duke.cabig.c3pr.dao.ResearchStaffDaoTest" name="testGetAll" time="0.228"></testcase>

      <testcase classname="edu.duke.cabig.c3pr.dao.ResearchStaffDaoTest" name="testGetBySubnameMatchesShortTitle" time="0.095"></testcase>

      <testcase classname="edu.duke.cabig.c3pr.dao.ResearchStaffDaoTest" name="testGetBySubnameMatchesIntersectionOfSubnames" time="0.092"></testcase>

      <system-out><![CDATA[AbandonedObjectPool is used (org.apache.commons.dbcp.AbandonedObjectPool@40d57b)
   LogAbandoned: true
   RemoveAbandoned: true
   RemoveAbandonedTimeout: 300
WARN   doValidateClass, Unable to proxy method [public final void edu.duke.cabig.c3pr.dao.C3PRBaseDao.save(gov.nih.nci.cabig.ctms.domain.DomainObject)] because it is final: All calls to this method via a proxy will be routed directly to the proxy.
WARN   doValidateClass, Unable to proxy method [public final void org.springframework.orm.hibernate3.support.HibernateDaoSupport.setSessionFactory(org.hibernate.SessionFactory)] because it is final: All calls to this method via a proxy will be routed directly to the proxy.
WARN   doValidateClass, Unable to proxy method [public final org.hibernate.SessionFactory org.springframework.orm.hibernate3.support.HibernateDaoSupport.getSessionFactory()] because it is final: All calls to this method via a proxy will be routed directly to the proxy.
WARN   doValidateClass, Unable to proxy method [public final void org.springframework.orm.hibernate3.support.HibernateDaoSupport.setHibernateTemplate(org.springframework.orm.hibernate3.HibernateTemplate)] because it is final: All calls to this method via a proxy will be routed directly to the proxy.
WARN   doValidateClass, Unable to proxy method [public final org.springframework.orm.hibernate3.HibernateTemplate org.springframework.orm.hibernate3.support.HibernateDaoSupport.getHibernateTemplate()] because it is final: All calls to this method via a proxy will be routed directly to the proxy.
WARN   doValidateClass, Unable to proxy method [public final void org.springframework.dao.support.DaoSupport.afterPropertiesSet() throws java.lang.IllegalArgumentException,org.springframework.beans.factory.BeanInitializationException] because it is final: All calls to this method via a proxy will be routed directly to the proxy.
]]></system-out>

      <system-err></system-err>

  </testsuite>
  <testsuite errors="0" failures="0" id="7" name="StudyDaoTest" package="edu.duke.cabig.c3pr.dao" tests="18" time="6.049">
  
    <properties>
[...]
</properties>

      <testcase classname="edu.duke.cabig.c3pr.dao.StudyDaoTest" name="testGetById" time="0.57"></testcase>

      <testcase classname="edu.duke.cabig.c3pr.dao.StudyDaoTest" name="testGetAll" time="0.557"></testcase>

      <testcase classname="edu.duke.cabig.c3pr.dao.StudyDaoTest" name="testSaveNewStudy" time="0.325"></testcase>

      <testcase classname="edu.duke.cabig.c3pr.dao.StudyDaoTest" name="testSaveNewStudyWithAssociations" time="0.399"></testcase>

      <testcase classname="edu.duke.cabig.c3pr.dao.StudyDaoTest" name="testHibernateBug" time="0.322"></testcase>

      <testcase classname="edu.duke.cabig.c3pr.dao.StudyDaoTest" name="testGetStudySites" time="0.286"></testcase>

      <testcase classname="edu.duke.cabig.c3pr.dao.StudyDaoTest" name="testGetEpochs" time="0.276"></testcase>

      <testcase classname="edu.duke.cabig.c3pr.dao.StudyDaoTest" name="testGetStudySubjectsForStudy" time="0.32"></testcase>

      <testcase classname="edu.duke.cabig.c3pr.dao.StudyDaoTest" name="testSearchStudySimple" time="0.325"></testcase>

      <testcase classname="edu.duke.cabig.c3pr.dao.StudyDaoTest" name="testIdentifierUniqueResults" time="0.297"></testcase>

      <testcase classname="edu.duke.cabig.c3pr.dao.StudyDaoTest" name="testSaveNewStudyWithTreatmentEpochs" time="0.312"></testcase>

      <testcase classname="edu.duke.cabig.c3pr.dao.StudyDaoTest" name="testSaveNewStudyWithNonTreatmentEpochs" time="0.281"></testcase>

      <testcase classname="edu.duke.cabig.c3pr.dao.StudyDaoTest" name="testSaveNewStudyWithTreatmentEpochsAndArms" time="0.309"></testcase>

      <testcase classname="edu.duke.cabig.c3pr.dao.StudyDaoTest" name="testSearchStudyByWildCards" time="0.295"></testcase>

      <testcase classname="edu.duke.cabig.c3pr.dao.StudyDaoTest" name="testGetStudyFundingSponsors" time="0.261"></testcase>

      <testcase classname="edu.duke.cabig.c3pr.dao.StudyDaoTest" name="testGetStudyCoordinatingCenters" time="0.263"></testcase>

      <testcase classname="edu.duke.cabig.c3pr.dao.StudyDaoTest" name="testSaveNewStudyWithFundingSponsor" time="0.373"></testcase>

      <testcase classname="edu.duke.cabig.c3pr.dao.StudyDaoTest" name="testSaveNewStudyWithCoordinatingCenter" time="0.269"></testcase>

      <system-out><![CDATA[AbandonedObjectPool is used (org.apache.commons.dbcp.AbandonedObjectPool@7e6153)
   LogAbandoned: true
   RemoveAbandoned: true
   RemoveAbandonedTimeout: 300
WARN   doValidateClass, Unable to proxy method [public final void edu.duke.cabig.c3pr.dao.C3PRBaseDao.save(gov.nih.nci.cabig.ctms.domain.DomainObject)] because it is final: All calls to this method via a proxy will be routed directly to the proxy.
WARN   doValidateClass, Unable to proxy method [public final void org.springframework.orm.hibernate3.support.HibernateDaoSupport.setSessionFactory(org.hibernate.SessionFactory)] because it is final: All calls to this method via a proxy will be routed directly to the proxy.
WARN   doValidateClass, Unable to proxy method [public final org.hibernate.SessionFactory org.springframework.orm.hibernate3.support.HibernateDaoSupport.getSessionFactory()] because it is final: All calls to this method via a proxy will be routed directly to the proxy.
WARN   doValidateClass, Unable to proxy method [public final org.springframework.orm.hibernate3.HibernateTemplate org.springframework.orm.hibernate3.support.HibernateDaoSupport.getHibernateTemplate()] because it is final: All calls to this method via a proxy will be routed directly to the proxy.
WARN   doValidateClass, Unable to proxy method [public final void org.springframework.orm.hibernate3.support.HibernateDaoSupport.setHibernateTemplate(org.springframework.orm.hibernate3.HibernateTemplate)] because it is final: All calls to this method via a proxy will be routed directly to the proxy.
WARN   doValidateClass, Unable to proxy method [public final void org.springframework.dao.support.DaoSupport.afterPropertiesSet() throws java.lang.IllegalArgumentException,org.springframework.beans.factory.BeanInitializationException] because it is final: All calls to this method via a proxy will be routed directly to the proxy.
hc site id ************35
hcsi id ************27
disease disCat id ************14
disease term1 id ************27
disease term2 id ************28
hc site id ************36
hcsi id ************28
Study funding sponsor is: National Cancer Institute
]]></system-out>

      <system-err></system-err>

  </testsuite>
  <testsuite errors="0" failures="0" id="8" name="StudySiteDaoTest" package="edu.duke.cabig.c3pr.dao" tests="2" time="0.77">
  
    <properties>
[...]
</properties>

      <testcase classname="edu.duke.cabig.c3pr.dao.StudySiteDaoTest" name="testGetById" time="0.422"></testcase>

      <testcase classname="edu.duke.cabig.c3pr.dao.StudySiteDaoTest" name="testGetByNciInstituteCode" time="0.341"></testcase>

      <system-out><![CDATA[AbandonedObjectPool is used (org.apache.commons.dbcp.AbandonedObjectPool@5750e4)
   LogAbandoned: true
   RemoveAbandoned: true
   RemoveAbandonedTimeout: 300
WARN   doValidateClass, Unable to proxy method [public final void edu.duke.cabig.c3pr.dao.C3PRBaseDao.save(gov.nih.nci.cabig.ctms.domain.DomainObject)] because it is final: All calls to this method via a proxy will be routed directly to the proxy.
WARN   doValidateClass, Unable to proxy method [public final void org.springframework.orm.hibernate3.support.HibernateDaoSupport.setSessionFactory(org.hibernate.SessionFactory)] because it is final: All calls to this method via a proxy will be routed directly to the proxy.
WARN   doValidateClass, Unable to proxy method [public final org.hibernate.SessionFactory org.springframework.orm.hibernate3.support.HibernateDaoSupport.getSessionFactory()] because it is final: All calls to this method via a proxy will be routed directly to the proxy.
WARN   doValidateClass, Unable to proxy method [public final org.springframework.orm.hibernate3.HibernateTemplate org.springframework.orm.hibernate3.support.HibernateDaoSupport.getHibernateTemplate()] because it is final: All calls to this method via a proxy will be routed directly to the proxy.
WARN   doValidateClass, Unable to proxy method [public final void org.springframework.orm.hibernate3.support.HibernateDaoSupport.setHibernateTemplate(org.springframework.orm.hibernate3.HibernateTemplate)] because it is final: All calls to this method via a proxy will be routed directly to the proxy.
WARN   doValidateClass, Unable to proxy method [public final void org.springframework.dao.support.DaoSupport.afterPropertiesSet() throws java.lang.IllegalArgumentException,org.springframework.beans.factory.BeanInitializationException] because it is final: All calls to this method via a proxy will be routed directly to the proxy.
]]></system-out>

      <system-err></system-err>

  </testsuite>
  <testsuite errors="0" failures="0" id="9" name="StudySubjectDaoTest" package="edu.duke.cabig.c3pr.dao" tests="8" time="7.032">
  
    <properties>
[...]
</properties>

      <testcase classname="edu.duke.cabig.c3pr.dao.StudySubjectDaoTest" name="testMoveToNewScheduledEpoch" time="4.017"></testcase>

      <testcase classname="edu.duke.cabig.c3pr.dao.StudySubjectDaoTest" name="testCurrentScheduledEpoch" time="0.382"></testcase>

      <testcase classname="edu.duke.cabig.c3pr.dao.StudySubjectDaoTest" name="testCreateBasicRegistrationWeb" time="0.456"></testcase>

      <testcase classname="edu.duke.cabig.c3pr.dao.StudySubjectDaoTest" name="testGetById" time="0.375"></testcase>

      <testcase classname="edu.duke.cabig.c3pr.dao.StudySubjectDaoTest" name="testCreateRegistrationWithAllAssociationsWeb" time="0.394"></testcase>

      <testcase classname="edu.duke.cabig.c3pr.dao.StudySubjectDaoTest" name="testGetAll" time="0.484"></testcase>

      <testcase classname="edu.duke.cabig.c3pr.dao.StudySubjectDaoTest" name="testGetStudySubjects" time="0.365"></testcase>

      <testcase classname="edu.duke.cabig.c3pr.dao.StudySubjectDaoTest" name="testCreateRegistrationWithAllAssociations" time="0.401"></testcase>

      <system-out><![CDATA[AbandonedObjectPool is used (org.apache.commons.dbcp.AbandonedObjectPool@990d6e)
   LogAbandoned: true
   RemoveAbandoned: true
   RemoveAbandonedTimeout: 300
WARN   doValidateClass, Unable to proxy method [public final void edu.duke.cabig.c3pr.dao.C3PRBaseDao.save(gov.nih.nci.cabig.ctms.domain.DomainObject)] because it is final: All calls to this method via a proxy will be routed directly to the proxy.
WARN   doValidateClass, Unable to proxy method [public final org.hibernate.SessionFactory org.springframework.orm.hibernate3.support.HibernateDaoSupport.getSessionFactory()] because it is final: All calls to this method via a proxy will be routed directly to the proxy.
WARN   doValidateClass, Unable to proxy method [public final void org.springframework.orm.hibernate3.support.HibernateDaoSupport.setSessionFactory(org.hibernate.SessionFactory)] because it is final: All calls to this method via a proxy will be routed directly to the proxy.
WARN   doValidateClass, Unable to proxy method [public final org.springframework.orm.hibernate3.HibernateTemplate org.springframework.orm.hibernate3.support.HibernateDaoSupport.getHibernateTemplate()] because it is final: All calls to this method via a proxy will be routed directly to the proxy.
WARN   doValidateClass, Unable to proxy method [public final void org.springframework.orm.hibernate3.support.HibernateDaoSupport.setHibernateTemplate(org.springframework.orm.hibernate3.HibernateTemplate)] because it is final: All calls to this method via a proxy will be routed directly to the proxy.
WARN   doValidateClass, Unable to proxy method [public final void org.springframework.dao.support.DaoSupport.afterPropertiesSet() throws java.lang.IllegalArgumentException,org.springframework.beans.factory.BeanInitializationException] because it is final: All calls to this method via a proxy will be routed directly to the proxy.
]]></system-out>

      <system-err></system-err>

  </testsuite>
  <testsuite errors="0" failures="0" id="10" name="AbstractDomainObjectTest" package="edu.duke.cabig.c3pr.domain" tests="6" time="0.153">
  
    <properties>
[...]
</properties>

      <testcase classname="edu.duke.cabig.c3pr.domain.AbstractDomainObjectTest" name="testEqualByIdWithTwoNulls" time="0.0030"></testcase>

      <testcase classname="edu.duke.cabig.c3pr.domain.AbstractDomainObjectTest" name="testEqualByIdWithFirstNull" time="0.0"></testcase>

      <testcase classname="edu.duke.cabig.c3pr.domain.AbstractDomainObjectTest" name="testEqualByIdWithSecondNull" time="0.0"></testcase>

      <testcase classname="edu.duke.cabig.c3pr.domain.AbstractDomainObjectTest" name="testEqualByIdWhenSame" time="0.0"></testcase>

      <testcase classname="edu.duke.cabig.c3pr.domain.AbstractDomainObjectTest" name="testEqualByIdWhenEqual" time="0.0"></testcase>

      <testcase classname="edu.duke.cabig.c3pr.domain.AbstractDomainObjectTest" name="testEqualByIdWhenNotEqual" time="0.0"></testcase>

      <system-out></system-out>

      <system-err></system-err>

  </testsuite>
  <testsuite errors="0" failures="0" hostname="Manav-Mac.local" id="11" name="ValidateConfigTest" package="edu.duke.cabig.c3pr.installer" tests="3" time="0.785" timestamp="2007-08-01T19:56:14">
  
    <properties>
[...]
</properties>

      <testcase classname="edu.duke.cabig.c3pr.installer.ValidateConfigTest" name="testConfigFileExists" time="0.0020"></testcase>

      <testcase classname="edu.duke.cabig.c3pr.installer.ValidateConfigTest" name="testConfigFileValid" time="0.39"></testcase>

      <testcase classname="edu.duke.cabig.c3pr.installer.ValidateConfigTest" name="testBuildFileValid" time="0.035"></testcase>

      <system-out><![CDATA[Checking installer: C3PRV2 Installer
Checking page: intro
Checking page: License
Checking page: DeployDir
Checking page: installTomcat
Checking page: selectTomcatInstallDir
Checking page: selectExistingTomcat
Repeated property name:tomcat.home
Loading defaults from file will probably not work:tomcat.home
Checking page: existingTomcatInstructions
Checking page: selectLogFilename
Checking page: selectComponents
Checking page: configureCSM
Checking page: selectAuthorizationSwitch
Checking page: selectDatabase
Checking page: createDatabaseChoice
Checking page: oracleProperties
Checking page: postgresProperties
Repeated property name:datasource.url
Loading defaults from file will probably not work:datasource.url
Repeated property name:datasource.username
Loading defaults from file will probably not work:datasource.username
Repeated property name:datasource.password
Loading defaults from file will probably not work:datasource.password
Repeated property name:datasource.driver
Loading defaults from file will probably not work:datasource.driver
Repeated property name:datasource.dialect
Loading defaults from file will probably not work:datasource.dialect
Checking page: hotlinks
Checking page: ESB
Checking page: null
Checking page: Grid
Checking page: progress
Finished checking config inputs
Found target input type
ifTarget=deploy-webapp
ifTarget will never test true, no prior target in page:selectLogFilename
Finished checking config
]]></system-out>

      <system-err></system-err>

  </testsuite>
  <testsuite errors="0" failures="0" id="12" name="StudyXMLImporterTestCase" package="edu.duke.cabig.c3pr.service" tests="2" time="0.415">
  
    <properties>
[...]
</properties>

      <testcase classname="edu.duke.cabig.c3pr.service.StudyXMLImporterTestCase" name="testStudyValidation" time="0.064"></testcase>

      <testcase classname="edu.duke.cabig.c3pr.service.StudyXMLImporterTestCase" name="testGetStudies" time="0.344"></testcase>

      <system-out><![CDATA[AbandonedObjectPool is used (org.apache.commons.dbcp.AbandonedObjectPool@58ff73)
   LogAbandoned: true
   RemoveAbandoned: true
   RemoveAbandonedTimeout: 300
WARN   doValidateClass, Unable to proxy method [public final void edu.duke.cabig.c3pr.dao.C3PRBaseDao.save(gov.nih.nci.cabig.ctms.domain.DomainObject)] because it is final: All calls to this method via a proxy will be routed directly to the proxy.
WARN   doValidateClass, Unable to proxy method [public final void org.springframework.orm.hibernate3.support.HibernateDaoSupport.setSessionFactory(org.hibernate.SessionFactory)] because it is final: All calls to this method via a proxy will be routed directly to the proxy.
WARN   doValidateClass, Unable to proxy method [public final org.hibernate.SessionFactory org.springframework.orm.hibernate3.support.HibernateDaoSupport.getSessionFactory()] because it is final: All calls to this method via a proxy will be routed directly to the proxy.
WARN   doValidateClass, Unable to proxy method [public final org.springframework.orm.hibernate3.HibernateTemplate org.springframework.orm.hibernate3.support.HibernateDaoSupport.getHibernateTemplate()] because it is final: All calls to this method via a proxy will be routed directly to the proxy.
WARN   doValidateClass, Unable to proxy method [public final void org.springframework.orm.hibernate3.support.HibernateDaoSupport.setHibernateTemplate(org.springframework.orm.hibernate3.HibernateTemplate)] because it is final: All calls to this method via a proxy will be routed directly to the proxy.
WARN   doValidateClass, Unable to proxy method [public final void org.springframework.dao.support.DaoSupport.afterPropertiesSet() throws java.lang.IllegalArgumentException,org.springframework.beans.factory.BeanInitializationException] because it is final: All calls to this method via a proxy will be routed directly to the proxy.
Inside getMapping

]]></system-out>

      <system-err></system-err>

  </testsuite>
  <testsuite errors="0" failures="0" id="13" name="ApplicationContextInitializationTest" package="edu.duke.cabig.c3pr.utils" tests="1" time="3.337">
  
    <properties>
[...]
</properties>

      <testcase classname="edu.duke.cabig.c3pr.utils.ApplicationContextInitializationTest" name="testApplicationContextItself" time="3.18"></testcase>

      <system-out><![CDATA[AbandonedObjectPool is used (org.apache.commons.dbcp.AbandonedObjectPool@8dea20)
   LogAbandoned: true
   RemoveAbandoned: true
   RemoveAbandonedTimeout: 300
WARN   doValidateClass, Unable to proxy method [public final void edu.duke.cabig.c3pr.dao.C3PRBaseDao.save(gov.nih.nci.cabig.ctms.domain.DomainObject)] because it is final: All calls to this method via a proxy will be routed directly to the proxy.
WARN   doValidateClass, Unable to proxy method [public final org.springframework.orm.hibernate3.HibernateTemplate org.springframework.orm.hibernate3.support.HibernateDaoSupport.getHibernateTemplate()] because it is final: All calls to this method via a proxy will be routed directly to the proxy.
WARN   doValidateClass, Unable to proxy method [public final void org.springframework.orm.hibernate3.support.HibernateDaoSupport.setSessionFactory(org.hibernate.SessionFactory)] because it is final: All calls to this method via a proxy will be routed directly to the proxy.
WARN   doValidateClass, Unable to proxy method [public final org.hibernate.SessionFactory org.springframework.orm.hibernate3.support.HibernateDaoSupport.getSessionFactory()] because it is final: All calls to this method via a proxy will be routed directly to the proxy.
WARN   doValidateClass, Unable to proxy method [public final void org.springframework.orm.hibernate3.support.HibernateDaoSupport.setHibernateTemplate(org.springframework.orm.hibernate3.HibernateTemplate)] because it is final: All calls to this method via a proxy will be routed directly to the proxy.
WARN   doValidateClass, Unable to proxy method [public final void org.springframework.dao.support.DaoSupport.afterPropertiesSet() throws java.lang.IllegalArgumentException,org.springframework.beans.factory.BeanInitializationException] because it is final: All calls to this method via a proxy will be routed directly to the proxy.
]]></system-out>

      <system-err></system-err>

  </testsuite>
  <testsuite errors="0" failures="0" id="14" name="CSMEncrypterTest" package="edu.duke.cabig.c3pr.utils" tests="1" time="0.468">
  
    <properties>
[...]
</properties>

      <testcase classname="edu.duke.cabig.c3pr.utils.CSMEncrypterTest" name="testEncryption" time="0.3"></testcase>

      <system-out><![CDATA[c3pr_admin
Ie0InPvp8oOgmHldOE8ejA==
]]></system-out>

      <system-err></system-err>

  </testsuite>
  <testsuite errors="0" failures="0" id="15" name="ContextRetainingFilterAdapterTest" package="edu.duke.cabig.c3pr.utils.web" tests="3" time="0.508">
  
    <properties>
[...]
</properties>

      <testcase classname="edu.duke.cabig.c3pr.utils.web.ContextRetainingFilterAdapterTest" name="testServletContextRetained" time="0.141"></testcase>

      <testcase classname="edu.duke.cabig.c3pr.utils.web.ContextRetainingFilterAdapterTest" name="testGetApplicationContext" time="0.032"></testcase>

      <testcase classname="edu.duke.cabig.c3pr.utils.web.ContextRetainingFilterAdapterTest" name="testGetApplicationContextFailsWhenMissing" time="0.0010"></testcase>

      <system-out></system-out>

      <system-err></system-err>

  </testsuite>
  <testsuite errors="0" failures="0" id="16" name="GridProxyUtilsTest" package="edu.duke.cabig.c3pr.utils.web" tests="1" time="0.991">
  
    <properties>
[...]
</properties>

      <testcase classname="edu.duke.cabig.c3pr.utils.web.GridProxyUtilsTest" name="testGetUsername" time="0.62"></testcase>

      <system-out><![CDATA[ram
]]></system-out>

      <system-err></system-err>

  </testsuite>
  <testsuite errors="0" failures="0" id="17" name="CreateParticipantControllerTest" package="edu.duke.cabig.c3pr.web" tests="3" time="6.66">
  
    <properties>
[...]
</properties>

      <testcase classname="edu.duke.cabig.c3pr.web.CreateParticipantControllerTest" name="testReferenceData" time="4.507"></testcase>

      <testcase classname="edu.duke.cabig.c3pr.web.CreateParticipantControllerTest" name="testViewOnGet" time="1.131"></testcase>

      <testcase classname="edu.duke.cabig.c3pr.web.CreateParticipantControllerTest" name="testViewOnGoodSubmit" time="0.815"></testcase>

      <system-out><![CDATA[AbandonedObjectPool is used (org.apache.commons.dbcp.AbandonedObjectPool@f50caf)
   LogAbandoned: true
   RemoveAbandoned: true
   RemoveAbandonedTimeout: 300
 Size of ref data : 7
AbandonedObjectPool is used (org.apache.commons.dbcp.AbandonedObjectPool@2769e1)
   LogAbandoned: true
   RemoveAbandoned: true
   RemoveAbandonedTimeout: 300
------------Create Reference Data-------------
AbandonedObjectPool is used (org.apache.commons.dbcp.AbandonedObjectPool@24aa85)
   LogAbandoned: true
   RemoveAbandoned: true
   RemoveAbandonedTimeout: 300
------------Create Reference Data-------------
]]></system-out>

      <system-err></system-err>

  </testsuite>
  <testsuite errors="0" failures="0" id="18" name="EditParticipantControllerTest" package="edu.duke.cabig.c3pr.web" tests="1" time="5.138">
  
    <properties>
[...]
</properties>

      <testcase classname="edu.duke.cabig.c3pr.web.EditParticipantControllerTest" name="testReferenceData" time="4.862"></testcase>

      <system-out><![CDATA[AbandonedObjectPool is used (org.apache.commons.dbcp.AbandonedObjectPool@e9d469)
   LogAbandoned: true
   RemoveAbandoned: true
   RemoveAbandonedTimeout: 300
]]></system-out>

      <system-err></system-err>

  </testsuite>
  <testsuite errors="0" failures="0" id="19" name="OpenSessionInViewInterceptorFilterTest" package="edu.duke.cabig.c3pr.web" tests="3" time="0.698">
  
    <properties>
[...]
</properties>

      <testcase classname="edu.duke.cabig.c3pr.web.OpenSessionInViewInterceptorFilterTest" name="testBasicBehavior" time="0.381"></testcase>

      <testcase classname="edu.duke.cabig.c3pr.web.OpenSessionInViewInterceptorFilterTest" name="testExceptionInFilterChainBehavior" time="0.044"></testcase>

      <testcase classname="edu.duke.cabig.c3pr.web.OpenSessionInViewInterceptorFilterTest" name="testExceptionInPostHandleBehavior" time="0.04"></testcase>

      <system-out></system-out>

      <system-err></system-err>

  </testsuite>
  <testsuite errors="0" failures="0" id="20" name="CreateStudyControllerTest" package="edu.duke.cabig.c3pr.web.study" tests="2" time="1.627">
  
    <properties>
[...]
</properties>

      <testcase classname="edu.duke.cabig.c3pr.web.study.CreateStudyControllerTest" name="testViewOnGoodSubmit" time="1.079"></testcase>

      <testcase classname="edu.duke.cabig.c3pr.web.study.CreateStudyControllerTest" name="testPostAndReturnCommand" time="0.197"></testcase>

      <system-out></system-out>

      <system-err></system-err>

  </testsuite>
  <testsuite errors="0" failures="0" id="21" name="StudyAjaxFacadeTest" package="edu.duke.cabig.c3pr.web.study" tests="1" time="0.937">
  
    <properties>
[...]
</properties>

      <testcase classname="edu.duke.cabig.c3pr.web.study.StudyAjaxFacadeTest" name="testTableTest" time="0.678"></testcase>

      <system-out></system-out>

      <system-err></system-err>

  </testsuite>
  <testsuite errors="0" failures="0" id="22" name="ViewStudyControllerTest" package="edu.duke.cabig.c3pr.web.study" tests="2" time="0.984">
  
    <properties>
[...]
</properties>

      <testcase classname="edu.duke.cabig.c3pr.web.study.ViewStudyControllerTest" name="testViewMode" time="0.584"></testcase>

      <testcase classname="edu.duke.cabig.c3pr.web.study.ViewStudyControllerTest" name="testFileExport" time="0.2"></testcase>

      <system-out></system-out>

      <system-err></system-err>

  </testsuite>
  <testsuite errors="0" failures="0" id="23" name="RegistrationMarshallingTestCase" package="edu.duke.cabig.c3pr.xml" tests="1" time="0.75">
  
    <properties>
[...]
</properties>

      <testcase classname="edu.duke.cabig.c3pr.xml.RegistrationMarshallingTestCase" name="testSerializationDeserializationTest" time="0.597"></testcase>

      <system-out><![CDATA[Inside getMapping

<?xml version="1.0" encoding="UTF-8"?>
<registration xmlns="gme://c3pr.cabig/2.0/edu.duke.cabig.c3pr.domain"><healthCareSiteGridId>siteGridId</healthCareSiteGridId><studyGridId>testStudyGridId</studyGridId><informedConsentFormSignedDate>2009-01-20</informedConsentFormSignedDate><startDate>2009-01-20</startDate><participant xmlns:ns1="gme://c3pr.cabig/2.0/edu.duke.cabig.c3pr.domain"><ns1:firstName>tempStr</ns1:firstName><ns1:lastName>tempStr</ns1:lastName><ns1:address><ns1:streetAddress>12359 Sunrise Valley Dr</ns1:streetAddress><ns1:city>Reston</ns1:city><ns1:stateCode>VA</ns1:stateCode><ns1:postalCode>20191</ns1:postalCode><ns1:countryCode>USA</ns1:countryCode></ns1:address><ns1:administrativeGenderCode>tempStr</ns1:administrativeGenderCode><ns1:birthDate>2009-01-20</ns1:birthDate><ns1:ethnicGroupCode>tempStr</ns1:ethnicGroupCode><ns1:maritalStatusCode>tempStr</ns1:maritalStatusCode><ns1:raceCode>tempStr</ns1:raceCode><ns1:identifier><ns1:source>tempStr0</ns1:source><ns1:type>tempStr0</ns1:type><ns1:value>tempStr0</ns1:value><ns1:isprimary>true</ns1:isprimary></ns1:identifier><ns1:identifier><ns1:source>tempStr1</ns1:source><ns1:type>tempStr1</ns1:type><ns1:value>tempStr1</ns1:value><ns1:isprimary>true</ns1:isprimary></ns1:identifier><ns1:identifier><ns1:source>tempStr2</ns1:source><ns1:type>tempStr2</ns1:type><ns1:value>tempStr2</ns1:value><ns1:isprimary>true</ns1:isprimary></ns1:identifier></participant><identifier><source>tempStr0</source><type>tempStr0</type><value>tempStr0</value><isprimary>true</isprimary></identifier><identifier><source>tempStr1</source><type>tempStr1</type><value>tempStr1</value><isprimary>true</isprimary></identifier><identifier><source>tempStr2</source><type>tempStr2</type><value>tempStr2</value><isprimary>true</isprimary></identifier></registration>
]]></system-out>

      <system-err></system-err>

  </testsuite>
  <testsuite errors="0" failures="0" id="24" name="StudyHibernateObjectMarshallingTest" package="edu.duke.cabig.c3pr.xml" tests="1" time="0.953">
  
    <properties>
[...]
</properties>

      <testcase classname="edu.duke.cabig.c3pr.xml.StudyHibernateObjectMarshallingTest" name="testMarshallStudy" time="0.946"></testcase>

      <system-out><![CDATA[AbandonedObjectPool is used (org.apache.commons.dbcp.AbandonedObjectPool@a53d8f)
   LogAbandoned: true
   RemoveAbandoned: true
   RemoveAbandonedTimeout: 300
WARN   doValidateClass, Unable to proxy method [public final void edu.duke.cabig.c3pr.dao.C3PRBaseDao.save(gov.nih.nci.cabig.ctms.domain.DomainObject)] because it is final: All calls to this method via a proxy will be routed directly to the proxy.
WARN   doValidateClass, Unable to proxy method [public final void org.springframework.orm.hibernate3.support.HibernateDaoSupport.setSessionFactory(org.hibernate.SessionFactory)] because it is final: All calls to this method via a proxy will be routed directly to the proxy.
WARN   doValidateClass, Unable to proxy method [public final org.hibernate.SessionFactory org.springframework.orm.hibernate3.support.HibernateDaoSupport.getSessionFactory()] because it is final: All calls to this method via a proxy will be routed directly to the proxy.
WARN   doValidateClass, Unable to proxy method [public final org.springframework.orm.hibernate3.HibernateTemplate org.springframework.orm.hibernate3.support.HibernateDaoSupport.getHibernateTemplate()] because it is final: All calls to this method via a proxy will be routed directly to the proxy.
WARN   doValidateClass, Unable to proxy method [public final void org.springframework.orm.hibernate3.support.HibernateDaoSupport.setHibernateTemplate(org.springframework.orm.hibernate3.HibernateTemplate)] because it is final: All calls to this method via a proxy will be routed directly to the proxy.
WARN   doValidateClass, Unable to proxy method [public final void org.springframework.dao.support.DaoSupport.afterPropertiesSet() throws java.lang.IllegalArgumentException,org.springframework.beans.factory.BeanInitializationException] because it is final: All calls to this method via a proxy will be routed directly to the proxy.
Inside getMapping

]]></system-out>

      <system-err></system-err>

  </testsuite>
  <testsuite errors="0" failures="0" id="25" name="StudyMarshallingTestCase" package="edu.duke.cabig.c3pr.xml" tests="1" time="0.941">
  
    <properties>
[...]
</properties>

      <testcase classname="edu.duke.cabig.c3pr.xml.StudyMarshallingTestCase" name="testSerializationDeserializationTest" time="0.79"></testcase>

      <system-out><![CDATA[Inside getMapping

<?xml version="1.0" encoding="UTF-8"?>
<study xmlns="gme://c3pr.cabig/2.0/edu.duke.cabig.c3pr.domain" gridId="testStudyGridId"><multiInstitutionIndicator>tempStr</multiInstitutionIndicator><randomizedIndicator>tempStr</randomizedIndicator><shortTitleText>tempStr</shortTitleText><longTitleText>tempStr</longTitleText><descriptionText>tempStr</descriptionText><precisText>tempStr</precisText><phaseCode>tempStr</phaseCode><status>tempStr</status><type>tempStr</type><targetAccrualNumber>0</targetAccrualNumber><identifier><source>tempStr</source><type>tempStr</type><isprimary>false</isprimary></identifier><treatmentEpoch><name>Screening</name><arm><name>Screening</name></arm></treatmentEpoch><treatmentEpoch><name>Treatment</name><arm><name>Arm A</name></arm><arm><name>Arm B</name></arm><arm><name>Arm C</name></arm></treatmentEpoch><treatmentEpoch><name>Follow up</name><arm><name>Follow up</name></arm></treatmentEpoch><studySite gridId="tempStr"><irbApprovalDate>2009-01-20T00:00:00.000-05:00</irbApprovalDate><roleCode>tempStr</roleCode><startDate>2007-08-01T15:57:30.819-04:00</startDate></studySite><studySite><healthcareSite><name>duke healthcare</name><descriptionText>duke healthcare</descriptionText><address><streetAddress>12359 Sunrise Valley Dr</streetAddress><city>Reston</city><stateCode>VA</stateCode><postalCode>20191</postalCode><countryCode>USA</countryCode></address><trimmedName>duke healthcare</trimmedName><nciInstituteCode>Nci duke</nciInstituteCode></healthcareSite><irbApprovalDate>2007-08-01T15:57:30.826-04:00</irbApprovalDate><roleCode>role</roleCode><startDate>2007-08-01T15:57:30.826-04:00</startDate><statusCode>active</statusCode></studySite></study>
]]></system-out>

      <system-err></system-err>

  </testsuite>
  <testsuite errors="0" failures="0" id="26" name="C3PRV2RegistrationConsumerTest" package="gov.nih.nci.cabig.c3pr.grid.test" tests="1" time="1.398">
  
    <properties>
[...]
</properties>

      <testcase classname="gov.nih.nci.cabig.c3pr.grid.test.C3PRV2RegistrationConsumerTest" name="testRegister" time="1.201"></testcase>

      <system-out></system-out>

      <system-err></system-err>

  </testsuite>
</testsuites>
